Using pre-set license
Built from '2020.3/staging' branch; Version is '2020.3.33f1 (915a7af8b0d5) revision 9525882'; Using compiler version '192528614'; Build Type 'Release'
OS: 'Windows 10  (10.0.19044) 64bit Education' Language: 'pt' Physical Memory: 8147 MB
BatchMode: 1, IsHumanControllingUs: 0, StartBugReporterOnCrash: 0, Is64bit: 1, IsPro: 0

COMMAND LINE ARGUMENTS:
C:\Program Files\Unity\Hub\Editor\2020.3.33f1\Editor\Unity.exe
-adb2
-batchMode
-noUpm
-name
AssetImportWorker0
-projectPath
C:/Users/student/Desktop/Mouse Guard 17-06/Mouse Guard 17-06
-logFile
Logs/AssetImportWorker0.log
-srvPort
55634
Successfully changed project path to: C:/Users/student/Desktop/Mouse Guard 17-06/Mouse Guard 17-06
C:/Users/student/Desktop/Mouse Guard 17-06/Mouse Guard 17-06
Using Asset Import Pipeline V2.
Refreshing native plugins compatible for Editor in 56.27 ms, found 3 plugins.
Preloading 0 native plugins for Editor in 0.00 ms.
Initialize engine version: 2020.3.33f1 (915a7af8b0d5)
[Subsystems] Discovering subsystems at path C:/Program Files/Unity/Hub/Editor/2020.3.33f1/Editor/Data/Resources/UnitySubsystems
[Subsystems] Discovering subsystems at path C:/Users/student/Desktop/Mouse Guard 17-06/Mouse Guard 17-06/Assets
GfxDevice: creating device client; threaded=0
Direct3D:
    Version:  Direct3D 11.0 [level 11.0]
    Renderer: NVIDIA GeForce GT 730 (ID=0x1287)
    Vendor:   
    VRAM:     2007 MB
    Driver:   27.21.14.5671
Initialize mono
Mono path[0] = 'C:/Program Files/Unity/Hub/Editor/2020.3.33f1/Editor/Data/Managed'
Mono path[1] = 'C:/Program Files/Unity/Hub/Editor/2020.3.33f1/Editor/Data/MonoBleedingEdge/lib/mono/unityjit'
Mono config path = 'C:/Program Files/Unity/Hub/Editor/2020.3.33f1/Editor/Data/MonoBleedingEdge/etc'
Using monoOptions --debugger-agent=transport=dt_socket,embedding=1,server=y,suspend=n,address=127.0.0.1:56172
Begin MonoManager ReloadAssembly
Registering precompiled unity dll's ...
Register platform support module: C:/Program Files/Unity/Hub/Editor/2020.3.33f1/Editor/Data/PlaybackEngines/WindowsStandaloneSupport/UnityEditor.WindowsStandalone.Extensions.dll
Registered in 0.002415 seconds.
Native extension for WindowsStandalone target not found
Refreshing native plugins compatible for Editor in 50.61 ms, found 3 plugins.
Preloading 0 native plugins for Editor in 0.00 ms.
Mono: successfully reloaded assembly
- Completed reload, in  0.645 seconds
Domain Reload Profiling:
	ReloadAssembly (646ms)
		BeginReloadAssembly (73ms)
			ExecutionOrderSort (0ms)
			DisableScriptedObjects (0ms)
			BackupInstance (0ms)
			ReleaseScriptingObjects (0ms)
			CreateAndSetChildDomain (1ms)
		EndReloadAssembly (491ms)
			LoadAssemblies (71ms)
			RebuildTransferFunctionScriptingTraits (0ms)
			SetupTypeCache (162ms)
			ReleaseScriptCaches (0ms)
			RebuildScriptCaches (33ms)
			SetupLoadedEditorAssemblies (186ms)
				LogAssemblyErrors (0ms)
				InitializePlatformSupportModulesInManaged (5ms)
				SetLoadedEditorAssemblies (0ms)
				RefreshPlugins (51ms)
				BeforeProcessingInitializeOnLoad (9ms)
				ProcessInitializeOnLoadAttributes (89ms)
				ProcessInitializeOnLoadMethodAttributes (32ms)
				AfterProcessingInitializeOnLoad (0ms)
				EditorAssembliesLoaded (0ms)
			ExecutionOrderSort2 (0ms)
			AwakeInstancesAfterBackupRestoration (0ms)
Platform modules already initialized, skipping
Registering precompiled user dll's ...
Registered in 0.004050 seconds.
Begin MonoManager ReloadAssembly
Symbol file LoadedFromMemory doesn't match image C:\Users\student\Desktop\Mouse Guard 17-06\Mouse Guard 17-06\Library\PackageCache\com.unity.collab-proxy@1.15.15\Lib\Editor\PlasticSCM\unityplastic.dll
Native extension for WindowsStandalone target not found
Refreshing native plugins compatible for Editor in 49.79 ms, found 3 plugins.
Preloading 0 native plugins for Editor in 0.00 ms.
Mono: successfully reloaded assembly
- Completed reload, in  1.222 seconds
Domain Reload Profiling:
	ReloadAssembly (1222ms)
		BeginReloadAssembly (166ms)
			ExecutionOrderSort (0ms)
			DisableScriptedObjects (5ms)
			BackupInstance (0ms)
			ReleaseScriptingObjects (0ms)
			CreateAndSetChildDomain (19ms)
		EndReloadAssembly (982ms)
			LoadAssemblies (113ms)
			RebuildTransferFunctionScriptingTraits (0ms)
			SetupTypeCache (321ms)
			ReleaseScriptCaches (0ms)
			RebuildScriptCaches (53ms)
			SetupLoadedEditorAssemblies (368ms)
				LogAssemblyErrors (0ms)
				InitializePlatformSupportModulesInManaged (4ms)
				SetLoadedEditorAssemblies (0ms)
				RefreshPlugins (50ms)
				BeforeProcessingInitializeOnLoad (77ms)
				ProcessInitializeOnLoadAttributes (210ms)
				ProcessInitializeOnLoadMethodAttributes (18ms)
				AfterProcessingInitializeOnLoad (8ms)
				EditorAssembliesLoaded (0ms)
			ExecutionOrderSort2 (0ms)
			AwakeInstancesAfterBackupRestoration (7ms)
Platform modules already initialized, skipping
========================================================================
Worker process is ready to serve import requests
Launched and connected shader compiler UnityShaderCompiler.exe after 0.08 seconds
Refreshing native plugins compatible for Editor in 0.46 ms, found 3 plugins.
Preloading 0 native plugins for Editor in 0.00 ms.
Unloading 2220 Unused Serialized files (Serialized files now loaded: 0)
System memory in use before: 99.3 MB.
System memory in use after: 99.4 MB.

Unloading 25 unused Assets to reduce memory usage. Loaded Objects now: 2657.
Total: 3.071100 ms (FindLiveObjects: 0.161500 ms CreateObjectMapping: 0.098300 ms MarkObjects: 2.703800 ms  DeleteObjects: 0.106500 ms)

AssetImportParameters requested are different than current active one (requested -> active):
  custom:framework-win-MediaFoundation: 216162199b28c13a410421893ffa2e32 -> 
  custom:video-decoder-ogg-theora: a1e56fd34408186e4bbccfd4996cb3dc -> 
  custom:container-muxer-webm: aa71ff27fc2769a1b78a27578f13a17b -> 
  custom:container-demuxer-webm: 4f35f7cbe854078d1ac9338744f61a02 -> 
  custom:container-demuxer-ogg: 62fdf1f143b41e24485cea50d1cbac27 -> 
  custom:video-encoder-webm-vp8: eb34c28f22e8b96e1ab97ce403110664 -> 
  custom:video-decoder-webm-vp8: 9c59270c3fd7afecdb556c50c9e8de78 -> 
  custom:audio-decoder-ogg-vorbis: bf7c407c2cedff20999df2af8eb42d56 -> 
  custom:audio-encoder-webm-vorbis: bf7c407c2cedff20999df2af8eb42d56 -> 
========================================================================
Received Import Request.
  path: Assets/scripts/Dialogo.cs
  artifactKey: Guid(a62f2756125a0a64ead72857d17111df) Importer(815301076,1909f56bfc062723c751e8b465ee728b)
Start importing Assets/scripts/Dialogo.cs using Guid(a62f2756125a0a64ead72857d17111df) Importer(815301076,1909f56bfc062723c751e8b465ee728b)  -> (artifact id: '5f4c6024561c63f89b2662a579775414') in 0.241488 seconds 
========================================================================
Received Import Request.
  Time since last request: 14.900957 seconds.
  path: Assets/scripts/GerenciadorDeDialogo.cs
  artifactKey: Guid(bbd4ba3b2dc379447b1c3b20434f84c4) Importer(815301076,1909f56bfc062723c751e8b465ee728b)
Start importing Assets/scripts/GerenciadorDeDialogo.cs using Guid(bbd4ba3b2dc379447b1c3b20434f84c4) Importer(815301076,1909f56bfc062723c751e8b465ee728b)  -> (artifact id: '1d8f51949eb7578df614b03f038d0d28') in 0.006606 seconds 
========================================================================
Received Import Request.
  Time since last request: 3.690496 seconds.
  path: Assets/scripts/InicializadorDeDialogo.cs
  artifactKey: Guid(f5ad1e52b77436044b9dc16a5a84dccc) Importer(815301076,1909f56bfc062723c751e8b465ee728b)
Start importing Assets/scripts/InicializadorDeDialogo.cs using Guid(f5ad1e52b77436044b9dc16a5a84dccc) Importer(815301076,1909f56bfc062723c751e8b465ee728b)  -> (artifact id: '0b574a0129512d0184cdf6c30415b7e9') in 0.009450 seconds 
========================================================================
Received Import Request.
  Time since last request: 5.898148 seconds.
  path: Assets/scripts/TextoDialogo.cs
  artifactKey: Guid(d38db57f73a0ea74e887ee3395381954) Importer(815301076,1909f56bfc062723c751e8b465ee728b)
Start importing Assets/scripts/TextoDialogo.cs using Guid(d38db57f73a0ea74e887ee3395381954) Importer(815301076,1909f56bfc062723c751e8b465ee728b)  -> (artifact id: '531934002a5d98acd673f7788de9374a') in 0.007451 seconds 
========================================================================
Received Import Request.
  Time since last request: 117.601431 seconds.
  path: Assets/scripts/TextoDialogo.cs
  artifactKey: Guid(d38db57f73a0ea74e887ee3395381954) Importer(815301076,1909f56bfc062723c751e8b465ee728b)
Start importing Assets/scripts/TextoDialogo.cs using Guid(d38db57f73a0ea74e887ee3395381954) Importer(815301076,1909f56bfc062723c751e8b465ee728b)  -> (artifact id: '55555e2fd818c2e724eba122d37cd43f') in 0.003351 seconds 
AssetImportWorkerClient::OnTransportError - code=2 error=End of file
