Using pre-set license
Built from '2020.3/staging' branch; Version is '2020.3.33f1 (915a7af8b0d5) revision 9525882'; Using compiler version '192528614'; Build Type 'Release'
OS: 'Windows 10  (10.0.19043) 64bit Core' Language: 'pt' Physical Memory: 16319 MB
BatchMode: 1, IsHumanControllingUs: 0, StartBugReporterOnCrash: 0, Is64bit: 1, IsPro: 0

COMMAND LINE ARGUMENTS:
C:\Program Files\Unity\Hub\Editor\2020.3.33\Unity 2020.3.33f1\Editor\Unity.exe
-adb2
-batchMode
-noUpm
-name
AssetImportWorker0
-projectPath
C:/Users/Arthur Souza/Documents/GitHub/mouse-guard/Mouse Guard 08-07
-logFile
Logs/AssetImportWorker0.log
-srvPort
54370
Successfully changed project path to: C:/Users/Arthur Souza/Documents/GitHub/mouse-guard/Mouse Guard 08-07
C:/Users/Arthur Souza/Documents/GitHub/mouse-guard/Mouse Guard 08-07
Using Asset Import Pipeline V2.
Refreshing native plugins compatible for Editor in 43.94 ms, found 3 plugins.
Preloading 0 native plugins for Editor in 0.00 ms.
Initialize engine version: 2020.3.33f1 (915a7af8b0d5)
[Subsystems] Discovering subsystems at path C:/Program Files/Unity/Hub/Editor/2020.3.33/Unity 2020.3.33f1/Editor/Data/Resources/UnitySubsystems
[Subsystems] Discovering subsystems at path C:/Users/Arthur Souza/Documents/GitHub/mouse-guard/Mouse Guard 08-07/Assets
GfxDevice: creating device client; threaded=0
Direct3D:
    Version:  Direct3D 11.0 [level 11.1]
    Renderer: NVIDIA GeForce GTX 1660 SUPER (ID=0x21c4)
    Vendor:   
    VRAM:     5991 MB
    Driver:   27.21.14.6647
Initialize mono
Mono path[0] = 'C:/Program Files/Unity/Hub/Editor/2020.3.33/Unity 2020.3.33f1/Editor/Data/Managed'
Mono path[1] = 'C:/Program Files/Unity/Hub/Editor/2020.3.33/Unity 2020.3.33f1/Editor/Data/MonoBleedingEdge/lib/mono/unityjit'
Mono config path = 'C:/Program Files/Unity/Hub/Editor/2020.3.33/Unity 2020.3.33f1/Editor/Data/MonoBleedingEdge/etc'
Using monoOptions --debugger-agent=transport=dt_socket,embedding=1,server=y,suspend=n,address=127.0.0.1:56644
Begin MonoManager ReloadAssembly
Registering precompiled unity dll's ...
Register platform support module: C:/Program Files/Unity/Hub/Editor/2020.3.33/Unity 2020.3.33f1/Editor/Data/PlaybackEngines/WindowsStandaloneSupport/UnityEditor.WindowsStandalone.Extensions.dll
Registered in 0.001818 seconds.
Native extension for WindowsStandalone target not found
Refreshing native plugins compatible for Editor in 41.08 ms, found 3 plugins.
Preloading 0 native plugins for Editor in 0.00 ms.
Mono: successfully reloaded assembly
- Completed reload, in  0.518 seconds
Domain Reload Profiling:
	ReloadAssembly (518ms)
		BeginReloadAssembly (58ms)
			ExecutionOrderSort (0ms)
			DisableScriptedObjects (0ms)
			BackupInstance (0ms)
			ReleaseScriptingObjects (0ms)
			CreateAndSetChildDomain (1ms)
		EndReloadAssembly (397ms)
			LoadAssemblies (56ms)
			RebuildTransferFunctionScriptingTraits (0ms)
			SetupTypeCache (132ms)
			ReleaseScriptCaches (0ms)
			RebuildScriptCaches (27ms)
			SetupLoadedEditorAssemblies (150ms)
				LogAssemblyErrors (0ms)
				InitializePlatformSupportModulesInManaged (4ms)
				SetLoadedEditorAssemblies (0ms)
				RefreshPlugins (41ms)
				BeforeProcessingInitializeOnLoad (7ms)
				ProcessInitializeOnLoadAttributes (72ms)
				ProcessInitializeOnLoadMethodAttributes (26ms)
				AfterProcessingInitializeOnLoad (0ms)
				EditorAssembliesLoaded (0ms)
			ExecutionOrderSort2 (0ms)
			AwakeInstancesAfterBackupRestoration (0ms)
Platform modules already initialized, skipping
Registering precompiled user dll's ...
Registered in 0.002955 seconds.
Begin MonoManager ReloadAssembly
Symbol file LoadedFromMemory doesn't match image C:\Users\Arthur Souza\Documents\GitHub\mouse-guard\Mouse Guard 08-07\Library\PackageCache\com.unity.collab-proxy@1.15.15\Lib\Editor\PlasticSCM\unityplastic.dll
Native extension for WindowsStandalone target not found
Refreshing native plugins compatible for Editor in 40.00 ms, found 3 plugins.
Preloading 0 native plugins for Editor in 0.00 ms.
Mono: successfully reloaded assembly
- Completed reload, in  0.975 seconds
Domain Reload Profiling:
	ReloadAssembly (976ms)
		BeginReloadAssembly (138ms)
			ExecutionOrderSort (0ms)
			DisableScriptedObjects (4ms)
			BackupInstance (0ms)
			ReleaseScriptingObjects (0ms)
			CreateAndSetChildDomain (17ms)
		EndReloadAssembly (784ms)
			LoadAssemblies (88ms)
			RebuildTransferFunctionScriptingTraits (0ms)
			SetupTypeCache (257ms)
			ReleaseScriptCaches (0ms)
			RebuildScriptCaches (42ms)
			SetupLoadedEditorAssemblies (299ms)
				LogAssemblyErrors (0ms)
				InitializePlatformSupportModulesInManaged (3ms)
				SetLoadedEditorAssemblies (0ms)
				RefreshPlugins (40ms)
				BeforeProcessingInitializeOnLoad (62ms)
				ProcessInitializeOnLoadAttributes (167ms)
				ProcessInitializeOnLoadMethodAttributes (20ms)
				AfterProcessingInitializeOnLoad (6ms)
				EditorAssembliesLoaded (0ms)
			ExecutionOrderSort2 (0ms)
			AwakeInstancesAfterBackupRestoration (6ms)
Platform modules already initialized, skipping
========================================================================
Worker process is ready to serve import requests
Launched and connected shader compiler UnityShaderCompiler.exe after 0.04 seconds
Refreshing native plugins compatible for Editor in 0.45 ms, found 3 plugins.
Preloading 0 native plugins for Editor in 0.00 ms.
Unloading 2221 Unused Serialized files (Serialized files now loaded: 0)
System memory in use before: 99.2 MB.
System memory in use after: 99.3 MB.

Unloading 25 unused Assets to reduce memory usage. Loaded Objects now: 2658.
Total: 2.519300 ms (FindLiveObjects: 0.147700 ms CreateObjectMapping: 0.076300 ms MarkObjects: 2.242900 ms  DeleteObjects: 0.051900 ms)

AssetImportParameters requested are different than current active one (requested -> active):
  custom:framework-win-MediaFoundation: 216162199b28c13a410421893ffa2e32 -> 
  custom:video-decoder-ogg-theora: a1e56fd34408186e4bbccfd4996cb3dc -> 
  custom:container-muxer-webm: aa71ff27fc2769a1b78a27578f13a17b -> 
  custom:container-demuxer-webm: 4f35f7cbe854078d1ac9338744f61a02 -> 
  custom:container-demuxer-ogg: 62fdf1f143b41e24485cea50d1cbac27 -> 
  custom:video-encoder-webm-vp8: eb34c28f22e8b96e1ab97ce403110664 -> 
  custom:video-decoder-webm-vp8: 9c59270c3fd7afecdb556c50c9e8de78 -> 
  custom:audio-decoder-ogg-vorbis: bf7c407c2cedff20999df2af8eb42d56 -> 
  custom:audio-encoder-webm-vorbis: bf7c407c2cedff20999df2af8eb42d56 -> 
========================================================================
Received Import Request.
  path: Assets/Scenes/cena1.unity
  artifactKey: Guid(141808ccaee1b7d4088ee1edc58ae179) Importer(815301076,1909f56bfc062723c751e8b465ee728b)
Start importing Assets/Scenes/cena1.unity using Guid(141808ccaee1b7d4088ee1edc58ae179) Importer(815301076,1909f56bfc062723c751e8b465ee728b)  -> (artifact id: 'ee977bab19f4847647e5255f785675e4') in 0.004109 seconds 
========================================================================
Received Import Request.
  Time since last request: 447.518774 seconds.
  path: Assets/personagens/rato1.asset
  artifactKey: Guid(e8587424266a97349a22ea6127ffd726) Importer(815301076,1909f56bfc062723c751e8b465ee728b)
Start importing Assets/personagens/rato1.asset using Guid(e8587424266a97349a22ea6127ffd726) Importer(815301076,1909f56bfc062723c751e8b465ee728b)  -> (artifact id: '823138309968ac05d6c08f7ada28e0ab') in 0.022472 seconds 
========================================================================
Received Import Request.
  Time since last request: 153.040176 seconds.
  path: Assets/scripts/Dialogo.cs
  artifactKey: Guid(b392b7d8dc2805343b152e5ad6569faf) Importer(815301076,1909f56bfc062723c751e8b465ee728b)
Start importing Assets/scripts/Dialogo.cs using Guid(b392b7d8dc2805343b152e5ad6569faf) Importer(815301076,1909f56bfc062723c751e8b465ee728b)  -> (artifact id: '104a188b564c52de37c2e819f4d005c2') in 0.003210 seconds 
========================================================================
Received Import Request.
  Time since last request: 5.815418 seconds.
  path: Assets/scripts/Dialogue.cs
  artifactKey: Guid(b392b7d8dc2805343b152e5ad6569faf) Importer(815301076,1909f56bfc062723c751e8b465ee728b)
Start importing Assets/scripts/Dialogue.cs using Guid(b392b7d8dc2805343b152e5ad6569faf) Importer(815301076,1909f56bfc062723c751e8b465ee728b)  -> (artifact id: 'f8466f059db9673f3e2d49decae04ae6') in 0.001707 seconds 
========================================================================
Received Import Request.
  Time since last request: 434.283874 seconds.
  path: Assets/scripts/DialogoContainer.cs
  artifactKey: Guid(a62f2756125a0a64ead72857d17111df) Importer(815301076,1909f56bfc062723c751e8b465ee728b)
Start importing Assets/scripts/DialogoContainer.cs using Guid(a62f2756125a0a64ead72857d17111df) Importer(815301076,1909f56bfc062723c751e8b465ee728b)  -> (artifact id: '0f2b35b721ca547683c91a3cc391922b') in 0.001792 seconds 
========================================================================
Received Import Request.
  Time since last request: 19.331894 seconds.
  path: Assets/scripts/DialogueContainer.cs
  artifactKey: Guid(a62f2756125a0a64ead72857d17111df) Importer(815301076,1909f56bfc062723c751e8b465ee728b)
Start importing Assets/scripts/DialogueContainer.cs using Guid(a62f2756125a0a64ead72857d17111df) Importer(815301076,1909f56bfc062723c751e8b465ee728b)  -> (artifact id: '3b62dceef2a586171dcb6e3272b62d6a') in 0.001657 seconds 
========================================================================
Received Import Request.
  Time since last request: 0.546666 seconds.
  path: Assets/scripts/Cont.cs
  artifactKey: Guid(a5db5b52c89e71743a7dfe2042a3e7f2) Importer(815301076,1909f56bfc062723c751e8b465ee728b)
Start importing Assets/scripts/Cont.cs using Guid(a5db5b52c89e71743a7dfe2042a3e7f2) Importer(815301076,1909f56bfc062723c751e8b465ee728b)  -> (artifact id: '9dd881b6c655d191043504411356c8c0') in 0.001895 seconds 
========================================================================
Received Import Request.
  Time since last request: 27.167310 seconds.
  path: Assets/scripts/UiManager.cs
  artifactKey: Guid(cde1b991664506a4ebf2844e9560f9c5) Importer(815301076,1909f56bfc062723c751e8b465ee728b)
Start importing Assets/scripts/UiManager.cs using Guid(cde1b991664506a4ebf2844e9560f9c5) Importer(815301076,1909f56bfc062723c751e8b465ee728b)  -> (artifact id: '880c51f3f6b23b1c0224b41a5dfbe18a') in 0.001655 seconds 
========================================================================
Received Import Request.
  Time since last request: 4.636999 seconds.
  path: Assets/scripts/UIManager.cs
  artifactKey: Guid(cde1b991664506a4ebf2844e9560f9c5) Importer(815301076,1909f56bfc062723c751e8b465ee728b)
Start importing Assets/scripts/UIManager.cs using Guid(cde1b991664506a4ebf2844e9560f9c5) Importer(815301076,1909f56bfc062723c751e8b465ee728b)  -> (artifact id: '9a06c0943ae9a4715c2ce025d634dc42') in 0.001630 seconds 
========================================================================
Received Prepare
Registering precompiled user dll's ...
Registered in 0.002762 seconds.
Begin MonoManager ReloadAssembly
Symbol file LoadedFromMemory doesn't match image C:\Users\Arthur Souza\Documents\GitHub\mouse-guard\Mouse Guard 08-07\Library\PackageCache\com.unity.collab-proxy@1.15.15\Lib\Editor\PlasticSCM\unityplastic.dll
Native extension for WindowsStandalone target not found
Refreshing native plugins compatible for Editor in 0.44 ms, found 3 plugins.
Preloading 0 native plugins for Editor in 0.00 ms.
Mono: successfully reloaded assembly
- Completed reload, in  0.864 seconds
Domain Reload Profiling:
	ReloadAssembly (865ms)
		BeginReloadAssembly (105ms)
			ExecutionOrderSort (0ms)
			DisableScriptedObjects (5ms)
			BackupInstance (0ms)
			ReleaseScriptingObjects (0ms)
			CreateAndSetChildDomain (30ms)
		EndReloadAssembly (705ms)
			LoadAssemblies (90ms)
			RebuildTransferFunctionScriptingTraits (0ms)
			SetupTypeCache (246ms)
			ReleaseScriptCaches (1ms)
			RebuildScriptCaches (38ms)
			SetupLoadedEditorAssemblies (250ms)
				LogAssemblyErrors (0ms)
				InitializePlatformSupportModulesInManaged (4ms)
				SetLoadedEditorAssemblies (0ms)
				RefreshPlugins (0ms)
				BeforeProcessingInitializeOnLoad (56ms)
				ProcessInitializeOnLoadAttributes (174ms)
				ProcessInitializeOnLoadMethodAttributes (10ms)
				AfterProcessingInitializeOnLoad (6ms)
				EditorAssembliesLoaded (0ms)
			ExecutionOrderSort2 (0ms)
			AwakeInstancesAfterBackupRestoration (8ms)
Platform modules already initialized, skipping
Refreshing native plugins compatible for Editor in 0.44 ms, found 3 plugins.
Preloading 0 native plugins for Editor in 0.00 ms.
Unloading 2197 Unused Serialized files (Serialized files now loaded: 0)
System memory in use before: 97.3 MB.
System memory in use after: 97.4 MB.

Unloading 14 unused Assets to reduce memory usage. Loaded Objects now: 2661.
Total: 2.461100 ms (FindLiveObjects: 0.150200 ms CreateObjectMapping: 0.076200 ms MarkObjects: 2.218300 ms  DeleteObjects: 0.016000 ms)

AssetImportParameters requested are different than current active one (requested -> active):
  custom:framework-win-MediaFoundation: 216162199b28c13a410421893ffa2e32 -> 
  custom:video-decoder-ogg-theora: a1e56fd34408186e4bbccfd4996cb3dc -> 
  custom:container-muxer-webm: aa71ff27fc2769a1b78a27578f13a17b -> 
  custom:container-demuxer-webm: 4f35f7cbe854078d1ac9338744f61a02 -> 
  custom:container-demuxer-ogg: 62fdf1f143b41e24485cea50d1cbac27 -> 
  custom:video-encoder-webm-vp8: eb34c28f22e8b96e1ab97ce403110664 -> 
  custom:video-decoder-webm-vp8: 9c59270c3fd7afecdb556c50c9e8de78 -> 
  custom:audio-decoder-ogg-vorbis: bf7c407c2cedff20999df2af8eb42d56 -> 
  custom:audio-encoder-webm-vorbis: bf7c407c2cedff20999df2af8eb42d56 -> 
========================================================================
Received Prepare
Registering precompiled user dll's ...
Registered in 0.002802 seconds.
Begin MonoManager ReloadAssembly
Symbol file LoadedFromMemory doesn't match image C:\Users\Arthur Souza\Documents\GitHub\mouse-guard\Mouse Guard 08-07\Library\PackageCache\com.unity.collab-proxy@1.15.15\Lib\Editor\PlasticSCM\unityplastic.dll
Native extension for WindowsStandalone target not found
Refreshing native plugins compatible for Editor in 0.44 ms, found 3 plugins.
Preloading 0 native plugins for Editor in 0.00 ms.
Mono: successfully reloaded assembly
- Completed reload, in  0.874 seconds
Domain Reload Profiling:
	ReloadAssembly (874ms)
		BeginReloadAssembly (107ms)
			ExecutionOrderSort (0ms)
			DisableScriptedObjects (5ms)
			BackupInstance (0ms)
			ReleaseScriptingObjects (0ms)
			CreateAndSetChildDomain (30ms)
		EndReloadAssembly (712ms)
			LoadAssemblies (91ms)
			RebuildTransferFunctionScriptingTraits (0ms)
			SetupTypeCache (252ms)
			ReleaseScriptCaches (1ms)
			RebuildScriptCaches (38ms)
			SetupLoadedEditorAssemblies (252ms)
				LogAssemblyErrors (0ms)
				InitializePlatformSupportModulesInManaged (4ms)
				SetLoadedEditorAssemblies (0ms)
				RefreshPlugins (0ms)
				BeforeProcessingInitializeOnLoad (56ms)
				ProcessInitializeOnLoadAttributes (175ms)
				ProcessInitializeOnLoadMethodAttributes (10ms)
				AfterProcessingInitializeOnLoad (6ms)
				EditorAssembliesLoaded (0ms)
			ExecutionOrderSort2 (0ms)
			AwakeInstancesAfterBackupRestoration (8ms)
Platform modules already initialized, skipping
Refreshing native plugins compatible for Editor in 0.45 ms, found 3 plugins.
Preloading 0 native plugins for Editor in 0.00 ms.
Unloading 2197 Unused Serialized files (Serialized files now loaded: 0)
System memory in use before: 97.4 MB.
System memory in use after: 97.5 MB.

Unloading 14 unused Assets to reduce memory usage. Loaded Objects now: 2664.
Total: 2.534800 ms (FindLiveObjects: 0.172000 ms CreateObjectMapping: 0.098200 ms MarkObjects: 2.248600 ms  DeleteObjects: 0.015200 ms)

AssetImportParameters requested are different than current active one (requested -> active):
  custom:framework-win-MediaFoundation: 216162199b28c13a410421893ffa2e32 -> 
  custom:video-decoder-ogg-theora: a1e56fd34408186e4bbccfd4996cb3dc -> 
  custom:container-muxer-webm: aa71ff27fc2769a1b78a27578f13a17b -> 
  custom:container-demuxer-webm: 4f35f7cbe854078d1ac9338744f61a02 -> 
  custom:container-demuxer-ogg: 62fdf1f143b41e24485cea50d1cbac27 -> 
  custom:video-encoder-webm-vp8: eb34c28f22e8b96e1ab97ce403110664 -> 
  custom:video-decoder-webm-vp8: 9c59270c3fd7afecdb556c50c9e8de78 -> 
  custom:audio-decoder-ogg-vorbis: bf7c407c2cedff20999df2af8eb42d56 -> 
  custom:audio-encoder-webm-vorbis: bf7c407c2cedff20999df2af8eb42d56 -> 
========================================================================
Received Import Request.
  Time since last request: 526.451051 seconds.
  path: Assets/Tiny RPG Forest/Artwork/sprites/hero/attack/hero-attack-front/hero-attack-front-1.png
  artifactKey: Guid(3fee1b456a31145079dfa677bd981ed4) Importer(815301076,1909f56bfc062723c751e8b465ee728b)
Start importing Assets/Tiny RPG Forest/Artwork/sprites/hero/attack/hero-attack-front/hero-attack-front-1.png using Guid(3fee1b456a31145079dfa677bd981ed4) Importer(815301076,1909f56bfc062723c751e8b465ee728b)  -> (artifact id: 'be3dbc9c076f8f91fa38d38e0755196c') in 0.092340 seconds 
========================================================================
Received Import Request.
  Time since last request: 0.000146 seconds.
  path: Assets/Tiny RPG Forest/Artwork/sprites/hero/attack/hero-attack-front/hero-attack-front-3.png
  artifactKey: Guid(3bad3ce222de4482aae3c99a99cdf964) Importer(815301076,1909f56bfc062723c751e8b465ee728b)
Start importing Assets/Tiny RPG Forest/Artwork/sprites/hero/attack/hero-attack-front/hero-attack-front-3.png using Guid(3bad3ce222de4482aae3c99a99cdf964) Importer(815301076,1909f56bfc062723c751e8b465ee728b)  -> (artifact id: '4936ac8a3be36522fdf9760c058cf6ce') in 0.010646 seconds 
========================================================================
Received Import Request.
  Time since last request: 0.000287 seconds.
  path: Assets/Tiny RPG Forest/Artwork/sprites/hero/attack/hero-attack-front/hero-attack-front-2.png
  artifactKey: Guid(eef3b797d962d47419f4db6cf5144059) Importer(815301076,1909f56bfc062723c751e8b465ee728b)
Start importing Assets/Tiny RPG Forest/Artwork/sprites/hero/attack/hero-attack-front/hero-attack-front-2.png using Guid(eef3b797d962d47419f4db6cf5144059) Importer(815301076,1909f56bfc062723c751e8b465ee728b)  -> (artifact id: '81a29f1dc77494265a8ef4aaee19536a') in 0.010909 seconds 
========================================================================
Received Import Request.
  Time since last request: 55.640951 seconds.
  path: Assets/scripts
  artifactKey: Guid(42ce0923560dcc342a1c31192281b7d8) Importer(815301076,1909f56bfc062723c751e8b465ee728b)
Start importing Assets/scripts using Guid(42ce0923560dcc342a1c31192281b7d8) Importer(815301076,1909f56bfc062723c751e8b465ee728b)  -> (artifact id: '98325ab725a167fa86698574901bef4d') in 0.001966 seconds 
========================================================================
Received Prepare
Registering precompiled user dll's ...
Registered in 0.002717 seconds.
Begin MonoManager ReloadAssembly
Symbol file LoadedFromMemory doesn't match image C:\Users\Arthur Souza\Documents\GitHub\mouse-guard\Mouse Guard 08-07\Library\PackageCache\com.unity.collab-proxy@1.15.15\Lib\Editor\PlasticSCM\unityplastic.dll
Native extension for WindowsStandalone target not found
Refreshing native plugins compatible for Editor in 0.44 ms, found 3 plugins.
Preloading 0 native plugins for Editor in 0.00 ms.
Mono: successfully reloaded assembly
- Completed reload, in  0.865 seconds
Domain Reload Profiling:
	ReloadAssembly (865ms)
		BeginReloadAssembly (105ms)
			ExecutionOrderSort (0ms)
			DisableScriptedObjects (5ms)
			BackupInstance (0ms)
			ReleaseScriptingObjects (0ms)
			CreateAndSetChildDomain (30ms)
		EndReloadAssembly (704ms)
			LoadAssemblies (88ms)
			RebuildTransferFunctionScriptingTraits (0ms)
			SetupTypeCache (248ms)
			ReleaseScriptCaches (1ms)
			RebuildScriptCaches (38ms)
			SetupLoadedEditorAssemblies (250ms)
				LogAssemblyErrors (0ms)
				InitializePlatformSupportModulesInManaged (4ms)
				SetLoadedEditorAssemblies (0ms)
				RefreshPlugins (0ms)
				BeforeProcessingInitializeOnLoad (56ms)
				ProcessInitializeOnLoadAttributes (173ms)
				ProcessInitializeOnLoadMethodAttributes (10ms)
				AfterProcessingInitializeOnLoad (6ms)
				EditorAssembliesLoaded (0ms)
			ExecutionOrderSort2 (0ms)
			AwakeInstancesAfterBackupRestoration (8ms)
Platform modules already initialized, skipping
Refreshing native plugins compatible for Editor in 0.44 ms, found 3 plugins.
Preloading 0 native plugins for Editor in 0.00 ms.
Unloading 2197 Unused Serialized files (Serialized files now loaded: 0)
System memory in use before: 100.3 MB.
System memory in use after: 100.4 MB.

Unloading 14 unused Assets to reduce memory usage. Loaded Objects now: 2673.
Total: 2.441100 ms (FindLiveObjects: 0.152800 ms CreateObjectMapping: 0.076400 ms MarkObjects: 2.194600 ms  DeleteObjects: 0.016700 ms)

AssetImportParameters requested are different than current active one (requested -> active):
  custom:framework-win-MediaFoundation: 216162199b28c13a410421893ffa2e32 -> 
  custom:video-decoder-ogg-theora: a1e56fd34408186e4bbccfd4996cb3dc -> 
  custom:container-muxer-webm: aa71ff27fc2769a1b78a27578f13a17b -> 
  custom:container-demuxer-webm: 4f35f7cbe854078d1ac9338744f61a02 -> 
  custom:container-demuxer-ogg: 62fdf1f143b41e24485cea50d1cbac27 -> 
  custom:video-encoder-webm-vp8: eb34c28f22e8b96e1ab97ce403110664 -> 
  custom:video-decoder-webm-vp8: 9c59270c3fd7afecdb556c50c9e8de78 -> 
  custom:audio-decoder-ogg-vorbis: bf7c407c2cedff20999df2af8eb42d56 -> 
  custom:audio-encoder-webm-vorbis: bf7c407c2cedff20999df2af8eb42d56 -> 
========================================================================
Received Prepare
Registering precompiled user dll's ...
Registered in 0.002828 seconds.
Begin MonoManager ReloadAssembly
Symbol file LoadedFromMemory doesn't match image C:\Users\Arthur Souza\Documents\GitHub\mouse-guard\Mouse Guard 08-07\Library\PackageCache\com.unity.collab-proxy@1.15.15\Lib\Editor\PlasticSCM\unityplastic.dll
Native extension for WindowsStandalone target not found
Refreshing native plugins compatible for Editor in 0.51 ms, found 3 plugins.
Preloading 0 native plugins for Editor in 0.00 ms.
Mono: successfully reloaded assembly
- Completed reload, in  0.865 seconds
Domain Reload Profiling:
	ReloadAssembly (866ms)
		BeginReloadAssembly (104ms)
			ExecutionOrderSort (0ms)
			DisableScriptedObjects (5ms)
			BackupInstance (0ms)
			ReleaseScriptingObjects (0ms)
			CreateAndSetChildDomain (29ms)
		EndReloadAssembly (707ms)
			LoadAssemblies (89ms)
			RebuildTransferFunctionScriptingTraits (0ms)
			SetupTypeCache (249ms)
			ReleaseScriptCaches (1ms)
			RebuildScriptCaches (38ms)
			SetupLoadedEditorAssemblies (251ms)
				LogAssemblyErrors (0ms)
				InitializePlatformSupportModulesInManaged (4ms)
				SetLoadedEditorAssemblies (0ms)
				RefreshPlugins (1ms)
				BeforeProcessingInitializeOnLoad (56ms)
				ProcessInitializeOnLoadAttributes (173ms)
				ProcessInitializeOnLoadMethodAttributes (10ms)
				AfterProcessingInitializeOnLoad (6ms)
				EditorAssembliesLoaded (0ms)
			ExecutionOrderSort2 (0ms)
			AwakeInstancesAfterBackupRestoration (8ms)
Platform modules already initialized, skipping
Refreshing native plugins compatible for Editor in 0.44 ms, found 3 plugins.
Preloading 0 native plugins for Editor in 0.00 ms.
Unloading 2197 Unused Serialized files (Serialized files now loaded: 0)
System memory in use before: 100.3 MB.
System memory in use after: 100.5 MB.

Unloading 14 unused Assets to reduce memory usage. Loaded Objects now: 2676.
Total: 2.597200 ms (FindLiveObjects: 0.172400 ms CreateObjectMapping: 0.097200 ms MarkObjects: 2.309700 ms  DeleteObjects: 0.017200 ms)

AssetImportParameters requested are different than current active one (requested -> active):
  custom:framework-win-MediaFoundation: 216162199b28c13a410421893ffa2e32 -> 
  custom:video-decoder-ogg-theora: a1e56fd34408186e4bbccfd4996cb3dc -> 
  custom:container-muxer-webm: aa71ff27fc2769a1b78a27578f13a17b -> 
  custom:container-demuxer-webm: 4f35f7cbe854078d1ac9338744f61a02 -> 
  custom:container-demuxer-ogg: 62fdf1f143b41e24485cea50d1cbac27 -> 
  custom:video-encoder-webm-vp8: eb34c28f22e8b96e1ab97ce403110664 -> 
  custom:video-decoder-webm-vp8: 9c59270c3fd7afecdb556c50c9e8de78 -> 
  custom:audio-decoder-ogg-vorbis: bf7c407c2cedff20999df2af8eb42d56 -> 
  custom:audio-encoder-webm-vorbis: bf7c407c2cedff20999df2af8eb42d56 -> 
========================================================================
Received Import Request.
  Time since last request: 250.546555 seconds.
  path: Assets/personagens
  artifactKey: Guid(15d8a9fb367d5ce43bf3851877f9acbe) Importer(815301076,1909f56bfc062723c751e8b465ee728b)
Start importing Assets/personagens using Guid(15d8a9fb367d5ce43bf3851877f9acbe) Importer(815301076,1909f56bfc062723c751e8b465ee728b)  -> (artifact id: 'b8a303bf6ca11816fcf28037c58fd24b') in 0.004027 seconds 
========================================================================
Received Import Request.
  Time since last request: 6.470231 seconds.
  path: Assets/personagens/rato2.asset
  artifactKey: Guid(bb24d9a5b8a44f94db1d9b49dc621c93) Importer(815301076,1909f56bfc062723c751e8b465ee728b)
Start importing Assets/personagens/rato2.asset using Guid(bb24d9a5b8a44f94db1d9b49dc621c93) Importer(815301076,1909f56bfc062723c751e8b465ee728b)  -> (artifact id: '83191f14288bb5843f612f8f3caccaf6') in 0.012910 seconds 
========================================================================
Received Import Request.
  Time since last request: 622.196964 seconds.
  path: Assets/scripts/DialogueManager.cs
  artifactKey: Guid(3ed8c9593d386f846882501762e3c1da) Importer(815301076,1909f56bfc062723c751e8b465ee728b)
Start importing Assets/scripts/DialogueManager.cs using Guid(3ed8c9593d386f846882501762e3c1da) Importer(815301076,1909f56bfc062723c751e8b465ee728b)  -> (artifact id: 'ba1e5751814d94c1d372c2be27195df9') in 0.005436 seconds 
========================================================================
Received Prepare
Registering precompiled user dll's ...
Registered in 0.003140 seconds.
Begin MonoManager ReloadAssembly
Symbol file LoadedFromMemory doesn't match image C:\Users\Arthur Souza\Documents\GitHub\mouse-guard\Mouse Guard 08-07\Library\PackageCache\com.unity.collab-proxy@1.15.15\Lib\Editor\PlasticSCM\unityplastic.dll
Native extension for WindowsStandalone target not found
Refreshing native plugins compatible for Editor in 0.44 ms, found 3 plugins.
Preloading 0 native plugins for Editor in 0.00 ms.
Mono: successfully reloaded assembly
- Completed reload, in  0.947 seconds
Domain Reload Profiling:
	ReloadAssembly (948ms)
		BeginReloadAssembly (114ms)
			ExecutionOrderSort (0ms)
			DisableScriptedObjects (5ms)
			BackupInstance (0ms)
			ReleaseScriptingObjects (0ms)
			CreateAndSetChildDomain (38ms)
		EndReloadAssembly (779ms)
			LoadAssemblies (94ms)
			RebuildTransferFunctionScriptingTraits (0ms)
			SetupTypeCache (278ms)
			ReleaseScriptCaches (1ms)
			RebuildScriptCaches (47ms)
			SetupLoadedEditorAssemblies (260ms)
				LogAssemblyErrors (0ms)
				InitializePlatformSupportModulesInManaged (4ms)
				SetLoadedEditorAssemblies (0ms)
				RefreshPlugins (0ms)
				BeforeProcessingInitializeOnLoad (60ms)
				ProcessInitializeOnLoadAttributes (178ms)
				ProcessInitializeOnLoadMethodAttributes (10ms)
				AfterProcessingInitializeOnLoad (6ms)
				EditorAssembliesLoaded (0ms)
			ExecutionOrderSort2 (0ms)
			AwakeInstancesAfterBackupRestoration (8ms)
Platform modules already initialized, skipping
Refreshing native plugins compatible for Editor in 0.44 ms, found 3 plugins.
Preloading 0 native plugins for Editor in 0.00 ms.
Unloading 2198 Unused Serialized files (Serialized files now loaded: 0)
System memory in use before: 100.4 MB.
System memory in use after: 100.5 MB.

Unloading 14 unused Assets to reduce memory usage. Loaded Objects now: 2680.
Total: 2.624600 ms (FindLiveObjects: 0.153000 ms CreateObjectMapping: 0.069600 ms MarkObjects: 2.383200 ms  DeleteObjects: 0.018100 ms)

AssetImportParameters requested are different than current active one (requested -> active):
  custom:framework-win-MediaFoundation: 216162199b28c13a410421893ffa2e32 -> 
  custom:video-decoder-ogg-theora: a1e56fd34408186e4bbccfd4996cb3dc -> 
  custom:container-muxer-webm: aa71ff27fc2769a1b78a27578f13a17b -> 
  custom:container-demuxer-webm: 4f35f7cbe854078d1ac9338744f61a02 -> 
  custom:container-demuxer-ogg: 62fdf1f143b41e24485cea50d1cbac27 -> 
  custom:video-encoder-webm-vp8: eb34c28f22e8b96e1ab97ce403110664 -> 
  custom:video-decoder-webm-vp8: 9c59270c3fd7afecdb556c50c9e8de78 -> 
  custom:audio-decoder-ogg-vorbis: bf7c407c2cedff20999df2af8eb42d56 -> 
  custom:audio-encoder-webm-vorbis: bf7c407c2cedff20999df2af8eb42d56 -> 
========================================================================
Received Import Request.
  Time since last request: 730.370793 seconds.
  path: Assets/scripts/DialogueManager.cs
  artifactKey: Guid(3ed8c9593d386f846882501762e3c1da) Importer(815301076,1909f56bfc062723c751e8b465ee728b)
Start importing Assets/scripts/DialogueManager.cs using Guid(3ed8c9593d386f846882501762e3c1da) Importer(815301076,1909f56bfc062723c751e8b465ee728b)  -> (artifact id: 'a00687271ed1f54ccab726aede512dd6') in 0.005406 seconds 
========================================================================
Received Import Request.
  Time since last request: 485.555466 seconds.
  path: Assets/scripts/DialogueManager.cs
  artifactKey: Guid(3ed8c9593d386f846882501762e3c1da) Importer(815301076,1909f56bfc062723c751e8b465ee728b)
Start importing Assets/scripts/DialogueManager.cs using Guid(3ed8c9593d386f846882501762e3c1da) Importer(815301076,1909f56bfc062723c751e8b465ee728b)  -> (artifact id: '579acbab6107df7b331eb3679a05937d') in 0.002184 seconds 
========================================================================
Received Import Request.
  Time since last request: 655.571996 seconds.
  path: Assets/scripts/DialogueManager.cs
  artifactKey: Guid(3ed8c9593d386f846882501762e3c1da) Importer(815301076,1909f56bfc062723c751e8b465ee728b)
Start importing Assets/scripts/DialogueManager.cs using Guid(3ed8c9593d386f846882501762e3c1da) Importer(815301076,1909f56bfc062723c751e8b465ee728b)  -> (artifact id: 'b98466fa0d383ecf173cdf20695a4278') in 0.001717 seconds 
========================================================================
Received Import Request.
  Time since last request: 2280.632500 seconds.
  path: Assets/scripts/Dia.asset
  artifactKey: Guid(0b98fdb466cb71a478a31db86259104b) Importer(815301076,1909f56bfc062723c751e8b465ee728b)
Start importing Assets/scripts/Dia.asset using Guid(0b98fdb466cb71a478a31db86259104b) Importer(815301076,1909f56bfc062723c751e8b465ee728b)  -> (artifact id: '89b553a93aa8b25f7b72e55c3a49c25b') in 0.012413 seconds 
========================================================================
Received Import Request.
  Time since last request: 11.316126 seconds.
  path: Assets/scripts/DialogueTrigger.cs
  artifactKey: Guid(1ecba39dfa28369489775483fc91ef62) Importer(815301076,1909f56bfc062723c751e8b465ee728b)
Start importing Assets/scripts/DialogueTrigger.cs using Guid(1ecba39dfa28369489775483fc91ef62) Importer(815301076,1909f56bfc062723c751e8b465ee728b)  -> (artifact id: 'aaabd4c9968c1a2f931843d3d68dc9ee') in 0.002321 seconds 
========================================================================
Received Import Request.
  Time since last request: 155.701791 seconds.
  path: Assets/scripts/DialogueTrigger.cs
  artifactKey: Guid(1ecba39dfa28369489775483fc91ef62) Importer(815301076,1909f56bfc062723c751e8b465ee728b)
Start importing Assets/scripts/DialogueTrigger.cs using Guid(1ecba39dfa28369489775483fc91ef62) Importer(815301076,1909f56bfc062723c751e8b465ee728b)  -> (artifact id: '4518699dec167ce74419aa75c3b612f2') in 0.001605 seconds 
AssetImportWorkerClient::OnTransportError - code=2 error=End of file
